Determining if files mach-o/dyld.h exist failed with the following output:
Change Dir: /cluster/2020shachem/CSL/CMakeFiles/CMakeTmp

Run Build Command:/usr/bin/gmake "cmTryCompileExec2663089705/fast"
/usr/bin/gmake -f CMakeFiles/cmTryCompileExec2663089705.dir/build.make CMakeFiles/cmTryCompileExec2663089705.dir/build
gmake[1]: Entering directory `/cluster/2020shachem/CSL/CMakeFiles/CMakeTmp'
/usr/bin/cmake -E cmake_progress_report /cluster/2020shachem/CSL/CMakeFiles/CMakeTmp/CMakeFiles 1
Building C object CMakeFiles/cmTryCompileExec2663089705.dir/CheckIncludeFiles.c.o
/usr/bin/cc    -o CMakeFiles/cmTryCompileExec2663089705.dir/CheckIncludeFiles.c.o   -c /cluster/2020shachem/CSL/CMakeFiles/CMakeTmp/CheckIncludeFiles.c
/cluster/2020shachem/CSL/CMakeFiles/CMakeTmp/CheckIncludeFiles.c:2:25: fatal error: mach-o/dyld.h: No such file or directory
 #include <mach-o/dyld.h>
                         ^
compilation terminated.
gmake[1]: *** [CMakeFiles/cmTryCompileExec2663089705.dir/CheckIncludeFiles.c.o] Error 1
gmake[1]: Leaving directory `/cluster/2020shachem/CSL/CMakeFiles/CMakeTmp'
gmake: *** [cmTryCompileExec2663089705/fast] Error 2

Source:
/* */
#include <mach-o/dyld.h>


int main(){return 0;}

Determining if files mach/mach.h exist failed with the following output:
Change Dir: /cluster/2020shachem/CSL/CMakeFiles/CMakeTmp

Run Build Command:/usr/bin/gmake "cmTryCompileExec2512271355/fast"
/usr/bin/gmake -f CMakeFiles/cmTryCompileExec2512271355.dir/build.make CMakeFiles/cmTryCompileExec2512271355.dir/build
gmake[1]: Entering directory `/cluster/2020shachem/CSL/CMakeFiles/CMakeTmp'
/usr/bin/cmake -E cmake_progress_report /cluster/2020shachem/CSL/CMakeFiles/CMakeTmp/CMakeFiles 1
Building C object CMakeFiles/cmTryCompileExec2512271355.dir/CheckIncludeFiles.c.o
/usr/bin/cc    -o CMakeFiles/cmTryCompileExec2512271355.dir/CheckIncludeFiles.c.o   -c /cluster/2020shachem/CSL/CMakeFiles/CMakeTmp/CheckIncludeFiles.c
/cluster/2020shachem/CSL/CMakeFiles/CMakeTmp/CheckIncludeFiles.c:2:23: fatal error: mach/mach.h: No such file or directory
 #include <mach/mach.h>
                       ^
compilation terminated.
gmake[1]: *** [CMakeFiles/cmTryCompileExec2512271355.dir/CheckIncludeFiles.c.o] Error 1
gmake[1]: Leaving directory `/cluster/2020shachem/CSL/CMakeFiles/CMakeTmp'
gmake: *** [cmTryCompileExec2512271355/fast] Error 2

Source:
/* */
#include <mach/mach.h>


int main(){return 0;}

Determining size of u_int16_t failed with the following output:
Change Dir: /cluster/2020shachem/CSL/CMakeFiles/CMakeTmp

Run Build Command:/usr/bin/gmake "cmTryCompileExec900979771/fast"
/usr/bin/gmake -f CMakeFiles/cmTryCompileExec900979771.dir/build.make CMakeFiles/cmTryCompileExec900979771.dir/build
gmake[1]: Entering directory `/cluster/2020shachem/CSL/CMakeFiles/CMakeTmp'
/usr/bin/cmake -E cmake_progress_report /cluster/2020shachem/CSL/CMakeFiles/CMakeTmp/CMakeFiles 1
Building C object CMakeFiles/cmTryCompileExec900979771.dir/U_INT16_T_SIZE.c.o
/usr/bin/cc    -o CMakeFiles/cmTryCompileExec900979771.dir/U_INT16_T_SIZE.c.o   -c /cluster/2020shachem/CSL/CMakeFiles/CheckTypeSize/U_INT16_T_SIZE.c
/cluster/2020shachem/CSL/CMakeFiles/CheckTypeSize/U_INT16_T_SIZE.c:4:19: fatal error: types.h: No such file or directory
 #include "types.h"
                   ^
compilation terminated.
gmake[1]: *** [CMakeFiles/cmTryCompileExec900979771.dir/U_INT16_T_SIZE.c.o] Error 1
gmake[1]: Leaving directory `/cluster/2020shachem/CSL/CMakeFiles/CMakeTmp'
gmake: *** [cmTryCompileExec900979771/fast] Error 2

/cluster/2020shachem/CSL/CMakeFiles/CheckTypeSize/U_INT16_T_SIZE.c:
#include <sys/types.h>
#include <stdint.h>
#include <stddef.h>
#include "types.h"


#undef KEY
#if defined(__i386)
# define KEY '_','_','i','3','8','6'
#elif defined(__x86_64)
# define KEY '_','_','x','8','6','_','6','4'
#elif defined(__ppc__)
# define KEY '_','_','p','p','c','_','_'
#elif defined(__ppc64__)
# define KEY '_','_','p','p','c','6','4','_','_'
#endif

#define SIZE (sizeof(u_int16_t))
char info_size[] =  {'I', 'N', 'F', 'O', ':', 's','i','z','e','[',
  ('0' + ((SIZE / 10000)%10)),
  ('0' + ((SIZE / 1000)%10)),
  ('0' + ((SIZE / 100)%10)),
  ('0' + ((SIZE / 10)%10)),
  ('0' +  (SIZE    % 10)),
  ']',
#ifdef KEY
  ' ','k','e','y','[', KEY, ']',
#endif
  '\0'};

#ifdef __CLASSIC_C__
int main(argc, argv) int argc; char *argv[];
#else
int main(int argc, char *argv[])
#endif
{
  int require = 0;
  require += info_size[argc];
  (void)argv;
  return require;
}


Determining if the function expm1 exists failed with the following output:
Change Dir: /cluster/2020shachem/CSL/CMakeFiles/CMakeTmp

Run Build Command:/usr/bin/gmake "cmTryCompileExec2492517438/fast"
/usr/bin/gmake -f CMakeFiles/cmTryCompileExec2492517438.dir/build.make CMakeFiles/cmTryCompileExec2492517438.dir/build
gmake[1]: Entering directory `/cluster/2020shachem/CSL/CMakeFiles/CMakeTmp'
/usr/bin/cmake -E cmake_progress_report /cluster/2020shachem/CSL/CMakeFiles/CMakeTmp/CMakeFiles 1
Building C object CMakeFiles/cmTryCompileExec2492517438.dir/CheckFunctionExists.c.o
/usr/bin/cc   -DCHECK_FUNCTION_EXISTS=expm1   -o CMakeFiles/cmTryCompileExec2492517438.dir/CheckFunctionExists.c.o   -c /usr/share/cmake/Modules/CheckFunctionExists.c
<command-line>:0:23: warning: conflicting types for built-in function 'expm1' [enabled by default]
/usr/share/cmake/Modules/CheckFunctionExists.c:3:6: note: in expansion of macro 'CHECK_FUNCTION_EXISTS'
 char CHECK_FUNCTION_EXISTS();
      ^
Linking C executable cmTryCompileExec2492517438
/usr/bin/cmake -E cmake_link_script CMakeFiles/cmTryCompileExec2492517438.dir/link.txt --verbose=1
/usr/bin/cc   -DCHECK_FUNCTION_EXISTS=expm1    CMakeFiles/cmTryCompileExec2492517438.dir/CheckFunctionExists.c.o  -o cmTryCompileExec2492517438 -rdynamic 
CMakeFiles/cmTryCompileExec2492517438.dir/CheckFunctionExists.c.o: In function `main':
CheckFunctionExists.c:(.text+0x15): undefined reference to `expm1'
collect2: error: ld returned 1 exit status
gmake[1]: *** [cmTryCompileExec2492517438] Error 1
gmake[1]: Leaving directory `/cluster/2020shachem/CSL/CMakeFiles/CMakeTmp'
gmake: *** [cmTryCompileExec2492517438/fast] Error 2


